\BOOKMARK [1][-]{section.1}{Introdu\347\343o}{}% 1
\BOOKMARK [2][-]{subsection.1.1}{Motor de Corrente Cont\355nua}{section.1}% 2
\BOOKMARK [2][-]{subsection.1.2}{Tacogerador}{section.1}% 3
\BOOKMARK [2][-]{subsection.1.3}{Optoacoplador}{section.1}% 4
\BOOKMARK [2][-]{subsection.1.4}{Observa\347\343o}{section.1}% 5
\BOOKMARK [1][-]{section.2}{Procedimentos Experimentais e Simula\347\343o}{}% 6
\BOOKMARK [2][-]{subsection.2.1}{Fun\347\343o de Transfer\352ncia do Motor}{section.2}% 7
\BOOKMARK [2][-]{subsection.2.2}{PWM}{section.2}% 8
\BOOKMARK [2][-]{subsection.2.3}{Aspecto Pr\341tico do PWM}{section.2}% 9
\BOOKMARK [1][-]{section.3}{Conclus\343o Malha Aberta}{}% 10
\BOOKMARK [1][-]{section.4}{Controle e Ajustes em Malha Fechada}{}% 11
\BOOKMARK [2][-]{subsection.4.1}{Controladore PI}{section.4}% 12
\BOOKMARK [1][-]{section.5}{Implementa\347\343o Do Controlador PI}{}% 13
\BOOKMARK [1][-]{section.6}{Verifica\347\343o dos Crit\351rios de Desempenho em Malha Fechada e Aberta e Compara\347\365es.}{}% 14
\BOOKMARK [1][-]{section.7}{Tratamento dos Dados Para a Obte\347\343o da Velocidade}{}% 15
\BOOKMARK [1][-]{section.8}{Conclus\365es}{}% 16
\BOOKMARK [1][-]{section.9}{Ap\352ndice:Simula\347\343o no Proteus do Sistema Motor DC}{}% 17
\BOOKMARK [1][-]{section.10}{Revis\343o de trabalhos feito no Proteus}{}% 18
\BOOKMARK [1][-]{section.11}{Simula\347\365es em Malha aberta}{}% 19
\BOOKMARK [1][-]{section.12}{Simula\347\365es do Controle em Malha Fechada.}{}% 20
\BOOKMARK [1][-]{section.13}{Simula\347\343o PWM no Proteus e Constru\347\343o da Placa de Controle}{}% 21
\BOOKMARK [1][-]{section.14}{Conclus\343o Simula\347\343o Proteus}{}% 22
